<?xml version="1.0" encoding="UTF-8"?>
<!-- Generated by org.testng.reporters.JUnitReportReporter -->
<testsuite hostname="Preeti-PC" name="screenshot_test.screenshot" tests="1" failures="0" timestamp="23 May 2016 01:10:42 GMT" time="9.418" errors="0">
  <testcase name="test" time="9.418" classname="screenshot_test.screenshot"/>
</testsuite> <!-- screenshot_test.screenshot -->
